C51 COMPILER V9.54   MAIN                                                                  08/12/2023 19:58:13 PAGE 1   


C51 COMPILER V9.54, COMPILATION OF MODULE MAIN
OBJECT MODULE PLACED IN .\Objects\main.obj
COMPILER INVOKED BY: D:\Keil5\C51\BIN\C51.EXE main.c OPTIMIZE(8,SPEED) BROWSE DEBUG OBJECTEXTEND PRINT(.\Listings\main.l
                    -st) TABS(2) OBJECT(.\Objects\main.obj)

line level    source

   1          #include <REGX52.H>
   2          #include <INTRINS.H>
   3          void Delay1ms(unsigned int ms)    //@12.000MHz
   4          {
   5   1        unsigned char i, j;
   6   1        while(ms)
   7   1        {
   8   2          i = 2;
   9   2          j = 239;
  10   2          do
  11   2          {
  12   3            while (--j);
  13   3          } while (--i);
  14   2          ms--;
  15   2        }
  16   1      }
  17          
  18          void main()
  19          {
  20   1        P2=0xFE;//1111 1110
  21   1        Delay1ms(100);
  22   1        P2=0xFD;
  23   1        Delay1ms(100);
  24   1        P2=0xFB;
  25   1        Delay1ms(100);
  26   1        P2=0xF7;
  27   1        Delay1ms(100);
  28   1        P2=0xEF;
  29   1        Delay1ms(100);
  30   1        P2=0xDF;
  31   1        Delay1ms(100);
  32   1        P2=0xBF;
  33   1        Delay1ms(100);
  34   1        P2=0x7F;
  35   1        Delay1ms(100);
  36   1      }


MODULE INFORMATION:   STATIC OVERLAYABLE
   CODE SIZE        =     76    ----
   CONSTANT SIZE    =   ----    ----
   XDATA SIZE       =   ----    ----
   PDATA SIZE       =   ----    ----
   DATA SIZE        =   ----    ----
   IDATA SIZE       =   ----    ----
   BIT SIZE         =   ----    ----
END OF MODULE INFORMATION.


C51 COMPILATION COMPLETE.  0 WARNING(S),  0 ERROR(S)
